  Game.cpp
c:\users\gregc\desktop\grego-cubes-master\muddygames-gameplay-programming-i-lab-14-dee54774ae32\sfmlopengl\game.cpp(451): warning C4996: 'sf::Text::setColor': was declared deprecated
  c:\sfml-2.4.2\include\sfml\graphics\text.hpp(177): note: see declaration of 'sf::Text::setColor'
  Generating Code...
  Compiling...
  Main.cpp
  Generating Code...
  SFMLOpenGL.vcxproj -> C:\Users\gregc\Desktop\Grego-cubes-master\MuddyGames-gameplay-programming-i-lab-14-dee54774ae32\Debug\SFMLOpenGL.exe
  C:\SFML-2.4.2\bin\openal32.dll
  C:\SFML-2.4.2\bin\sfml-audio-2.dll
  C:\SFML-2.4.2\bin\sfml-audio-d-2.dll
  C:\SFML-2.4.2\bin\sfml-graphics-2.dll
  C:\SFML-2.4.2\bin\sfml-graphics-d-2.dll
  C:\SFML-2.4.2\bin\sfml-network-2.dll
  C:\SFML-2.4.2\bin\sfml-network-d-2.dll
  C:\SFML-2.4.2\bin\sfml-system-2.dll
  C:\SFML-2.4.2\bin\sfml-system-d-2.dll
  C:\SFML-2.4.2\bin\sfml-window-2.dll
  C:\SFML-2.4.2\bin\sfml-window-d-2.dll
  11 File(s) copied
  C:\glew-2.1.0\bin\Release\Win32\glew32.dll
  C:\glew-2.1.0\bin\Release\Win32\glewinfo.exe
  C:\glew-2.1.0\bin\Release\Win32\visualinfo.exe
  3 File(s) copied
